e:\compg wip3\dm2122_practial01\debug\vc141.pdb
e:\compg wip3\dm2122_practial01\debug\vc141.idb
e:\compg wip3\dm2122_practial01\debug\utility.obj
e:\compg wip3\dm2122_practial01\debug\shader.obj
e:\compg wip3\dm2122_practial01\debug\sceneassignment02.obj
e:\compg wip3\dm2122_practial01\debug\meshbuilder.obj
e:\compg wip3\dm2122_practial01\debug\mesh.obj
e:\compg wip3\dm2122_practial01\debug\main.obj
e:\compg wip3\dm2122_practial01\debug\camera.obj
e:\compg wip3\dm2122_practial01\debug\loadtga.obj
e:\compg wip3\dm2122_practial01\debug\loadobj.obj
e:\compg wip3\dm2122_practial01\debug\camera2.obj
e:\compg wip3\dm2122_practial01\debug\application.obj
e:\submission\compg wip3\dm2122_practial01\debug\vc141.pdb
e:\submission\compg wip3\dm2122_practial01\debug\vc141.idb
e:\submission\compg wip3\dm2122_practial01\debug\utility.obj
e:\submission\compg wip3\dm2122_practial01\debug\shader.obj
e:\submission\compg wip3\dm2122_practial01\debug\sceneassignment02.obj
e:\submission\compg wip3\dm2122_practial01\debug\meshbuilder.obj
e:\submission\compg wip3\dm2122_practial01\debug\mesh.obj
e:\submission\compg wip3\dm2122_practial01\debug\main.obj
e:\submission\compg wip3\dm2122_practial01\debug\camera.obj
e:\submission\compg wip3\dm2122_practial01\debug\loadtga.obj
e:\submission\compg wip3\dm2122_practial01\debug\loadobj.obj
e:\submission\compg wip3\dm2122_practial01\debug\camera2.obj
e:\submission\compg wip3\dm2122_practial01\debug\application.obj
e:\compg wip3\debug\dm2122_assignment01.exe
e:\compg wip3\debug\dm2122_assignment01.ilk
e:\compg wip3\debug\dm2122_assignment01.pdb
e:\submission\compg wip3\debug\dm2122_assignment01.exe
e:\submission\compg wip3\debug\dm2122_assignment01.ilk
e:\submission\compg wip3\debug\dm2122_assignment01.pdb
e:\submission\compg wip3\dm2122_practial01\debug\dm2122_a.e8f3d799.tlog\cl.read.1.tlog
e:\submission\compg wip3\dm2122_practial01\debug\dm2122_a.e8f3d799.tlog\link.read.1.tlog
e:\submission\compg wip3\dm2122_practial01\debug\dm2122_a.e8f3d799.tlog\cl.write.1.tlog
e:\submission\compg wip3\dm2122_practial01\debug\dm2122_a.e8f3d799.tlog\cl.command.1.tlog
e:\submission\compg wip3\dm2122_practial01\debug\dm2122_a.e8f3d799.tlog\link.command.1.tlog
e:\submission\compg wip3\dm2122_practial01\debug\dm2122_a.e8f3d799.tlog\link.write.1.tlog
