  Application.cpp
c:\program files (x86)\windows kits\10\include\10.0.17134.0\shared\minwindef.h(130): warning C4005: 'APIENTRY': macro redefinition
  d:\submission\compg wip3\glfw\include\glfw\glfw3.h(98): note: see previous definition of 'APIENTRY'
  Camera2.cpp
  LoadOBJ.cpp
  LoadTGA.cpp
  Camera.cpp
d:\submission\compg wip3\dm2122_practial01\source\camera.cpp(65): warning C4244: '+=': conversion from 'double' to 'float', possible loss of data
d:\submission\compg wip3\dm2122_practial01\source\camera.cpp(67): warning C4244: '-=': conversion from 'double' to 'float', possible loss of data
d:\submission\compg wip3\dm2122_practial01\source\camera.cpp(69): warning C4244: '+=': conversion from 'double' to 'float', possible loss of data
d:\submission\compg wip3\dm2122_practial01\source\camera.cpp(71): warning C4244: '-=': conversion from 'double' to 'float', possible loss of data
d:\submission\compg wip3\dm2122_practial01\source\camera.cpp(73): warning C4244: '+=': conversion from 'double' to 'float', possible loss of data
d:\submission\compg wip3\dm2122_practial01\source\camera.cpp(75): warning C4244: '-=': conversion from 'double' to 'float', possible loss of data
d:\submission\compg wip3\dm2122_practial01\source\camera.cpp(78): warning C4244: '+=': conversion from 'double' to 'float', possible loss of data
d:\submission\compg wip3\dm2122_practial01\source\camera.cpp(79): warning C4244: '+=': conversion from 'double' to 'float', possible loss of data
d:\submission\compg wip3\dm2122_practial01\source\camera.cpp(80): warning C4244: '+=': conversion from 'double' to 'float', possible loss of data
d:\submission\compg wip3\dm2122_practial01\source\camera.cpp(83): warning C4244: '-=': conversion from 'double' to 'float', possible loss of data
d:\submission\compg wip3\dm2122_practial01\source\camera.cpp(84): warning C4244: '-=': conversion from 'double' to 'float', possible loss of data
d:\submission\compg wip3\dm2122_practial01\source\camera.cpp(85): warning C4244: '-=': conversion from 'double' to 'float', possible loss of data
  main.cpp
  Mesh.cpp
  MeshBuilder.cpp
  SceneAssignment02.cpp
d:\submission\compg wip3\dm2122_practial01\source\sceneassignment02.cpp(153): warning C4305: '=': truncation from 'double' to 'float'
d:\submission\compg wip3\dm2122_practial01\source\sceneassignment02.cpp(422): warning C4305: '=': truncation from 'double' to 'float'
d:\submission\compg wip3\dm2122_practial01\source\sceneassignment02.cpp(436): warning C4244: '=': conversion from 'double' to 'float', possible loss of data
d:\submission\compg wip3\dm2122_practial01\source\sceneassignment02.cpp(456): warning C4244: '+=': conversion from 'double' to 'float', possible loss of data
  shader.cpp
  Utility.cpp
  Generating code
  931 of 944 functions (98.6%) were compiled, the rest were copied from previous compilation.
    3 functions were new in current compilation
    0 functions had inline decision re-evaluated but remain unchanged
  Finished generating code
  DM2122_Practial01.vcxproj -> D:\Submission\compG WIP3\Release\DM2122_Assignment01.exe
