e:\compg wip3\common\debug\common.pdb
e:\compg wip3\common\debug\common.idb
e:\compg wip3\common\debug\vector3.obj
e:\compg wip3\common\debug\timer.obj
e:\compg wip3\common\debug\mtx44.obj
e:\compg wip3\common\debug\matrixstack.obj
e:\submission\compg wip3\common\debug\common.pdb
e:\submission\compg wip3\common\debug\common.idb
e:\submission\compg wip3\common\debug\vector3.obj
e:\submission\compg wip3\common\debug\timer.obj
e:\submission\compg wip3\common\debug\mtx44.obj
e:\submission\compg wip3\common\debug\matrixstack.obj
e:\compg wip3\debug\common.lib
e:\submission\compg wip3\debug\common.lib
e:\submission\compg wip3\debug\common.pdb
e:\submission\compg wip3\common\debug\common.tlog\cl.command.1.tlog
e:\submission\compg wip3\common\debug\common.tlog\lib.command.1.tlog
e:\submission\compg wip3\common\debug\common.tlog\cl.read.1.tlog
e:\submission\compg wip3\common\debug\common.tlog\lib-link.read.1.tlog
e:\submission\compg wip3\common\debug\common.tlog\cl.write.1.tlog
e:\submission\compg wip3\common\debug\common.tlog\lib-link.write.1.tlog
